2025-08-23 16:42:38.575 [info] Extension host with pid 24823 started
2025-08-23 16:42:38.589 [info] ExtensionService#_doActivateExtension vscode.git-base, startup: true, activationEvent: '*', root cause: vscode.git
2025-08-23 16:42:38.595 [info] ExtensionService#_doActivateExtension vscode.git, startup: true, activationEvent: '*'
2025-08-23 16:42:38.625 [info] ExtensionService#_doActivateExtension vscode.github, startup: true, activationEvent: '*'
2025-08-23 16:42:38.672 [info] Eager extensions activated
2025-08-23 16:42:38.690 [info] ExtensionService#_doActivateExtension vscode.debug-auto-launch, startup: false, activationEvent: 'onStartupFinished'
2025-08-23 16:42:38.691 [info] ExtensionService#_doActivateExtension vscode.merge-conflict, startup: false, activationEvent: 'onStartupFinished'
2025-08-23 16:42:58.013 [info] Extension host terminating: renderer closed the MessagePort
2025-08-23 16:42:58.016 [info] Extension host with pid 24823 exiting with code 0
2025-08-23 16:42:58.603 [info] Extension host with pid 24961 started
2025-08-23 16:42:58.603 [info] Skipping acquiring lock for /mnt/z/pods/workpod/.config/VSCodium/User/workspaceStorage/9774a2e00cebc65f72ed91bd289ec846.
2025-08-23 16:42:58.611 [info] ExtensionService#_doActivateExtension vscode.git-base, startup: true, activationEvent: '*'
2025-08-23 16:42:58.614 [info] ExtensionService#_doActivateExtension vscode.github, startup: true, activationEvent: '*'
2025-08-23 16:42:58.650 [info] Eager extensions activated
2025-08-23 16:42:58.650 [info] ExtensionService#_doActivateExtension vscode.debug-auto-launch, startup: false, activationEvent: 'onStartupFinished'
2025-08-23 16:42:58.652 [info] ExtensionService#_doActivateExtension vscode.merge-conflict, startup: false, activationEvent: 'onStartupFinished'
2025-08-23 16:43:00.880 [info] ExtensionService#_doActivateExtension vscode.git, startup: false, activationEvent: 'api', root cause: vscode.github
2025-08-23 16:43:00.968 [info] ExtensionService#_doActivateExtension vscode.emmet, startup: false, activationEvent: 'onLanguage'
2025-08-23 16:43:01.037 [info] ExtensionService#_doActivateExtension vscode.github-authentication, startup: false, activationEvent: 'onAuthenticationRequest:github'
2025-08-23 16:52:43.440 [info] Extension host terminating: renderer closed the MessagePort
2025-08-23 16:52:43.444 [info] Extension host with pid 24961 exiting with code 0
